<?xml version="1.0" encoding="UTF-8"?>
<!-- Generated by org.testng.reporters.JUnitXMLReporter -->
<testsuite ignored="0" hostname="DESKTOP-OGOAB5Q" failures="0" tests="5" name="Test On Firefox" time="77.54" errors="0" timestamp="2022-06-01T19:28:00 CST">
  <testcase classname="BuyInTiendamia" name="SelectCountryTest" time="3.649"/>
  <testcase classname="BuyInTiendamia" name="SearchProductTest" time="8.196"/>
  <testcase classname="BuyInTiendamia" name="SelectResultTest" time="6.038"/>
  <testcase classname="BuyInTiendamia" name="AddingProductToCartTest" time="47.395"/>
  <testcase classname="BuyInTiendamia" name="BuyingProductTest" time="4.57"/>
</testsuite> <!-- Test On Firefox -->
